08-19 09:20 __main__     INFO     Starting...
08-19 09:20 __main__     INFO     Loading config file...
08-19 09:20 __main__     INFO     Loaded config:
08-19 09:20 __main__     INFO     {'General': {'pathToVolumes': '/volume1/photo/_inbox/HOMEMEDIA_INBOX', 'fileExtensionsFilter': ['JPG', 'MTS', 'CR2', 'DNG', 'MOV', 'MP4', 'HEIC'], 'destFolderStructureFormat': '%Y/%m-%b'}, 'ArchiveVolumes': {'paths': '/volume1/photo/_inbox'}, 'SourceVolumes': {'helenas-phone': {'filenamePrefix': 'helena.phone', 'destFolderStructureFormat': '%Y/%m-%b', 'deleteFilesAfterBackup': 'True'}, 'matts-phone': {'filenamePrefix': 'matt.phone', 'destFolderStructureFormat': '%Y/%m-%b', 'deleteFilesAfterBackup': 'True'}, 'panasonic_v720': {'filenamePrefix': 'panasonic_v720', 'destFolderStructureFormat': '%Y/%m-%b', 'deleteFilesAfterBackup': 'True'}, 'canon_7d2': {'filenamePrefix': 'canon_7d2', 'destFolderStructureFormat': '%Y/%m-%b', 'deleteFilesAfterBackup': 'True'}, 'liz.camera': {'filenamePrefix': 'liz.camera', 'destFolderStructureFormat': '%Y/%m-%b', 'deleteFilesAfterBackup': 'True'}, 'matts-actioncam': {'filenamePrefix': 'matt.actioncam', 'destFolderStructureFormat': '%Y/%m-%b', 'deleteFilesAfterBackup': 'True'}, 'friends-camera': {'filenamePrefix': 'friends.camera', 'destFolderStructureFormat': '%Y/%m-%b', 'deleteFilesAfterBackup': 'True'}}, 'Messages': {'PushBullet': {'recipientAccountID': 'WyZeG30lkiF6qhaFGqt21IAEIAM73l3O'}}}
08-19 09:20 __main__     INFO     Checking volumes...
08-19 09:20 __main__     INFO     Volumes to be processed: ['matts-phone', 'helenas-phone', 'canon_7d2', 'liz.camera', 'friends-camera', 'panasonic_v720', 'matts-actioncam']
08-19 09:20 __main__     INFO     Processing "matts-phone"...
08-19 09:20 __main__     INFO     matts-phone mounted, processing now.
08-19 09:20 __main__     INFO     Destination paths: /volume1/photo/_inbox
08-19 09:20 __main__     INFO     ('Summary', 'No files found to process')

08-19 09:20 __main__     INFO     matts-phone mounted, processing finished.
08-19 09:20 __main__     INFO     Finished processing "matts-phone"
08-19 09:20 __main__     INFO     Processing "helenas-phone"...
08-19 09:20 __main__     INFO     helenas-phone mounted, processing now.
08-19 09:20 __main__     INFO     Destination paths: /volume1/photo/_inbox
08-19 09:20 __main__     INFO     ('Summary', 'No files found to process')

08-19 09:20 __main__     INFO     helenas-phone mounted, processing finished.
08-19 09:20 __main__     INFO     Finished processing "helenas-phone"
08-19 09:20 __main__     INFO     Processing "canon_7d2"...
08-19 09:20 __main__     INFO     canon_7d2 mounted, processing now.
08-19 09:20 __main__     INFO     Destination paths: /volume1/photo/_inbox
08-19 09:20 __main__     INFO     ('Summary', 'No files found to process')

08-19 09:20 __main__     INFO     canon_7d2 mounted, processing finished.
08-19 09:20 __main__     INFO     Finished processing "canon_7d2"
08-19 09:20 __main__     INFO     Processing "liz.camera"...
08-19 09:20 __main__     INFO     liz.camera mounted, processing now.
08-19 09:20 __main__     INFO     Destination paths: /volume1/photo/_inbox
08-19 09:20 __main__     INFO     ('Summary', 'No files found to process')

08-19 09:20 __main__     INFO     liz.camera mounted, processing finished.
08-19 09:20 __main__     INFO     Finished processing "liz.camera"
08-19 09:20 __main__     INFO     Processing "friends-camera"...
08-19 09:20 __main__     INFO     friends-camera mounted, processing now.
08-19 09:20 __main__     INFO     Destination paths: /volume1/photo/_inbox
08-19 09:20 __main__     INFO     ('Summary', 'No files found to process')

08-19 09:20 __main__     INFO     friends-camera mounted, processing finished.
08-19 09:20 __main__     INFO     Finished processing "friends-camera"
08-19 09:20 __main__     INFO     Processing "panasonic_v720"...
08-19 09:20 __main__     INFO     panasonic_v720 mounted, processing now.
08-19 09:20 __main__     INFO     Destination paths: /volume1/photo/_inbox
08-19 09:20 __main__     INFO     ('Summary', 'No files found to process')

08-19 09:20 __main__     INFO     panasonic_v720 mounted, processing finished.
08-19 09:20 __main__     INFO     Finished processing "panasonic_v720"
08-19 09:20 __main__     INFO     Processing "matts-actioncam"...
08-19 09:20 __main__     INFO     matts-actioncam mounted, processing now.
08-19 09:20 __main__     INFO     Destination paths: /volume1/photo/_inbox
08-19 09:20 __main__     INFO     ('Summary', 'No files found to process')

08-19 09:20 __main__     INFO     matts-actioncam mounted, processing finished.
08-19 09:20 __main__     INFO     Finished processing "matts-actioncam"
